{"name": "test_addcustomer", "status": "broken", "statusDetails": {"message": "selenium.common.exceptions.TimeoutException: Message: \nStacktrace:\n\tGetHandleVerifier [0x00E00283+25139]\n\t(No symbol) [0x00D8B234]\n\t(No symbol) [0x00C604A3]\n\t(No symbol) [0x00CA8338]\n\t(No symbol) [0x00CA868B]\n\t(No symbol) [0x00CF0F62]\n\t(No symbol) [0x00CCCF84]\n\t(No symbol) [0x00CEE6E1]\n\t(No symbol) [0x00CCCD36]\n\t(No symbol) [0x00C9BD29]\n\t(No symbol) [0x00C9D064]\n\tGetHandleVerifier [0x0110B143+3215603]\n\tGetHandleVerifier [0x011222BA+3310186]\n\tGetHandleVerifier [0x0111C4D2+3286146]\n\tGetHandleVerifier [0x00E99C80+654384]\n\t(No symbol) [0x00D945BD]\n\t(No symbol) [0x00D914A8]\n\t(No symbol) [0x00D91647]\n\t(No symbol) [0x00D83D20]\n\tBaseThreadInitThunk [0x752F7BA9+25]\n\tRtlInitializeExceptionChain [0x771EC28B+107]\n\tRtlClearBits [0x771EC20F+191]", "trace": "self = <test_main.TestAutomation object at 0x000002109DDF3FD0>\n\n    def test_addcustomer(self):\n>       self.test_login()\n\ntest_main.py:39: \n_ _ _ _ _ _ _ _ _ _ _ _ _ _ _ _ _ _ _ _ _ _ _ _ _ _ _ _ _ _ _ _ _ _ _ _ _ _ _ _ _ _ _ _ _ _ _ _ _ _ _ _ _ _ _ _ _ _ _ _ _ _ _ _ _ _ _ _ _ _ _ _ _ _ _ _ _ _ _ _ _ _ _ _ _ _ _ _ _ _ _ _\ntest_main.py:30: in test_login\n    self.wait.until(EC.presence_of_element_located((By.ID, \"ctrl_Userlogin_txtLoginId\"))).send_keys(\"abccompany\")\n_ _ _ _ _ _ _ _ _ _ _ _ _ _ _ _ _ _ _ _ _ _ _ _ _ _ _ _ _ _ _ _ _ _ _ _ _ _ _ _ _ _ _ _ _ _ _ _ _ _ _ _ _ _ _ _ _ _ _ _ _ _ _ _ _ _ _ _ _ _ _ _ _ _ _ _ _ _ _ _ _ _ _ _ _ _ _ _ _ _ _ _\n\nself = <selenium.webdriver.support.wait.WebDriverWait (session=\"0ac7789fa5866b4c91365f34e1ae996d\")>\nmethod = <function presence_of_element_located.<locals>._predicate at 0x000002109DE4DE50>, message = ''\n\n    def until(self, method: Callable[[D], Union[Literal[False], T]], message: str = \"\") -> T:\n        \"\"\"Calls the method provided with the driver as an argument until the \\\n        return value does not evaluate to ``False``.\n    \n        :param method: callable(WebDriver)\n        :param message: optional message for :exc:`TimeoutException`\n        :returns: the result of the last call to `method`\n        :raises: :exc:`selenium.common.exceptions.TimeoutException` if timeout occurs\n        \"\"\"\n        screen = None\n        stacktrace = None\n    \n        end_time = time.monotonic() + self._timeout\n        while True:\n            try:\n                value = method(self._driver)\n                if value:\n                    return value\n            except self._ignored_exceptions as exc:\n                screen = getattr(exc, \"screen\", None)\n                stacktrace = getattr(exc, \"stacktrace\", None)\n            if time.monotonic() > end_time:\n                break\n            time.sleep(self._poll)\n>       raise TimeoutException(message, screen, stacktrace)\nE       selenium.common.exceptions.TimeoutException: Message: \nE       Stacktrace:\nE       \tGetHandleVerifier [0x00E00283+25139]\nE       \t(No symbol) [0x00D8B234]\nE       \t(No symbol) [0x00C604A3]\nE       \t(No symbol) [0x00CA8338]\nE       \t(No symbol) [0x00CA868B]\nE       \t(No symbol) [0x00CF0F62]\nE       \t(No symbol) [0x00CCCF84]\nE       \t(No symbol) [0x00CEE6E1]\nE       \t(No symbol) [0x00CCCD36]\nE       \t(No symbol) [0x00C9BD29]\nE       \t(No symbol) [0x00C9D064]\nE       \tGetHandleVerifier [0x0110B143+3215603]\nE       \tGetHandleVerifier [0x011222BA+3310186]\nE       \tGetHandleVerifier [0x0111C4D2+3286146]\nE       \tGetHandleVerifier [0x00E99C80+654384]\nE       \t(No symbol) [0x00D945BD]\nE       \t(No symbol) [0x00D914A8]\nE       \t(No symbol) [0x00D91647]\nE       \t(No symbol) [0x00D83D20]\nE       \tBaseThreadInitThunk [0x752F7BA9+25]\nE       \tRtlInitializeExceptionChain [0x771EC28B+107]\nE       \tRtlClearBits [0x771EC20F+191]\n\nvenv\\lib\\site-packages\\selenium\\webdriver\\support\\wait.py:105: TimeoutException"}, "attachments": [{"name": "stdout", "source": "9a2658dd-116f-4d05-b123-28693b66bdbf-attachment.txt", "type": "text/plain"}], "start": 1740126592891, "stop": 1740126604446, "uuid": "7dec47e0-9559-4df1-9719-29c628533c67", "historyId": "04e37bf353a826d8a9659a0a89984d0e", "testCaseId": "04e37bf353a826d8a9659a0a89984d0e", "fullName": "test_main.TestAutomation#test_addcustomer", "labels": [{"name": "tag", "value": "@pytest.mark.usefixtures('setup')"}, {"name": "suite", "value": "test_main"}, {"name": "subSuite", "value": "TestAutomation"}, {"name": "host", "value": "DESKTOP-0Q1NQ4H"}, {"name": "thread", "value": "5284-MainThread"}, {"name": "framework", "value": "pytest"}, {"name": "language", "value": "cpython3"}, {"name": "package", "value": "test_main"}]}