{"uid":"b248efe6e5f637a6","name":"test_addcustomer","fullName":"test_main.TestAutomation#test_addcustomer","historyId":"04e37bf353a826d8a9659a0a89984d0e","time":{"start":1740141592347,"stop":1740141603649,"duration":11302},"status":"broken","statusMessage":"selenium.common.exceptions.TimeoutException: Message: \nStacktrace:\n\tGetHandleVerifier [0x00B30283+25139]\n\t(No symbol) [0x00ABB234]\n\t(No symbol) [0x009904A3]\n\t(No symbol) [0x009D8338]\n\t(No symbol) [0x009D868B]\n\t(No symbol) [0x00A20F62]\n\t(No symbol) [0x009FCF84]\n\t(No symbol) [0x00A1E6E1]\n\t(No symbol) [0x009FCD36]\n\t(No symbol) [0x009CBD29]\n\t(No symbol) [0x009CD064]\n\tGetHandleVerifier [0x00E3B143+3215603]\n\tGetHandleVerifier [0x00E522BA+3310186]\n\tGetHandleVerifier [0x00E4C4D2+3286146]\n\tGetHandleVerifier [0x00BC9C80+654384]\n\t(No symbol) [0x00AC45BD]\n\t(No symbol) [0x00AC14A8]\n\t(No symbol) [0x00AC1647]\n\t(No symbol) [0x00AB3D20]\n\tBaseThreadInitThunk [0x752F7BA9+25]\n\tRtlInitializeExceptionChain [0x771EC28B+107]\n\tRtlClearBits [0x771EC20F+191]","statusTrace":"self = <test_main.TestAutomation object at 0x000001FCC4E43A60>\n\n    def test_addcustomer(self):\n>       self.test_login()\n\ntest_main.py:39: \n_ _ _ _ _ _ _ _ _ _ _ _ _ _ _ _ _ _ _ _ _ _ _ _ _ _ _ _ _ _ _ _ _ _ _ _ _ _ _ _ _ _ _ _ _ _ _ _ _ _ _ _ _ _ _ _ _ _ _ _ _ _ _ _ _ _ _ _ _ _ _ _ _ _ _ _ _ _ _ _ _ _ _ _ _ _ _ _ _ _ _ _\ntest_main.py:30: in test_login\n    self.wait.until(EC.presence_of_element_located((By.ID, \"ctrl_Userlogin_txtLoginId\"))).send_keys(\"abccompany\")\n_ _ _ _ _ _ _ _ _ _ _ _ _ _ _ _ _ _ _ _ _ _ _ _ _ _ _ _ _ _ _ _ _ _ _ _ _ _ _ _ _ _ _ _ _ _ _ _ _ _ _ _ _ _ _ _ _ _ _ _ _ _ _ _ _ _ _ _ _ _ _ _ _ _ _ _ _ _ _ _ _ _ _ _ _ _ _ _ _ _ _ _\n\nself = <selenium.webdriver.support.wait.WebDriverWait (session=\"6b57dcac16cf1923c68e922d5537ce92\")>\nmethod = <function presence_of_element_located.<locals>._predicate at 0x000001FCC4EA1D30>, message = ''\n\n    def until(self, method: Callable[[D], Union[Literal[False], T]], message: str = \"\") -> T:\n        \"\"\"Calls the method provided with the driver as an argument until the \\\n        return value does not evaluate to ``False``.\n    \n        :param method: callable(WebDriver)\n        :param message: optional message for :exc:`TimeoutException`\n        :returns: the result of the last call to `method`\n        :raises: :exc:`selenium.common.exceptions.TimeoutException` if timeout occurs\n        \"\"\"\n        screen = None\n        stacktrace = None\n    \n        end_time = time.monotonic() + self._timeout\n        while True:\n            try:\n                value = method(self._driver)\n                if value:\n                    return value\n            except self._ignored_exceptions as exc:\n                screen = getattr(exc, \"screen\", None)\n                stacktrace = getattr(exc, \"stacktrace\", None)\n            if time.monotonic() > end_time:\n                break\n            time.sleep(self._poll)\n>       raise TimeoutException(message, screen, stacktrace)\nE       selenium.common.exceptions.TimeoutException: Message: \nE       Stacktrace:\nE       \tGetHandleVerifier [0x00B30283+25139]\nE       \t(No symbol) [0x00ABB234]\nE       \t(No symbol) [0x009904A3]\nE       \t(No symbol) [0x009D8338]\nE       \t(No symbol) [0x009D868B]\nE       \t(No symbol) [0x00A20F62]\nE       \t(No symbol) [0x009FCF84]\nE       \t(No symbol) [0x00A1E6E1]\nE       \t(No symbol) [0x009FCD36]\nE       \t(No symbol) [0x009CBD29]\nE       \t(No symbol) [0x009CD064]\nE       \tGetHandleVerifier [0x00E3B143+3215603]\nE       \tGetHandleVerifier [0x00E522BA+3310186]\nE       \tGetHandleVerifier [0x00E4C4D2+3286146]\nE       \tGetHandleVerifier [0x00BC9C80+654384]\nE       \t(No symbol) [0x00AC45BD]\nE       \t(No symbol) [0x00AC14A8]\nE       \t(No symbol) [0x00AC1647]\nE       \t(No symbol) [0x00AB3D20]\nE       \tBaseThreadInitThunk [0x752F7BA9+25]\nE       \tRtlInitializeExceptionChain [0x771EC28B+107]\nE       \tRtlClearBits [0x771EC20F+191]\n\nvenv\\lib\\site-packages\\selenium\\webdriver\\support\\wait.py:105: TimeoutException","flaky":false,"newFailed":false,"newBroken":false,"newPassed":false,"retriesCount":0,"retriesStatusChange":false,"beforeStages":[{"name":"setup","time":{"start":1740141581574,"stop":1740141584672,"duration":3098},"status":"passed","steps":[],"attachments":[],"parameters":[],"attachmentsCount":0,"shouldDisplayMessage":false,"attachmentStep":false,"stepsCount":0,"hasContent":false}],"testStage":{"status":"broken","statusMessage":"selenium.common.exceptions.TimeoutException: Message: \nStacktrace:\n\tGetHandleVerifier [0x00B30283+25139]\n\t(No symbol) [0x00ABB234]\n\t(No symbol) [0x009904A3]\n\t(No symbol) [0x009D8338]\n\t(No symbol) [0x009D868B]\n\t(No symbol) [0x00A20F62]\n\t(No symbol) [0x009FCF84]\n\t(No symbol) [0x00A1E6E1]\n\t(No symbol) [0x009FCD36]\n\t(No symbol) [0x009CBD29]\n\t(No symbol) [0x009CD064]\n\tGetHandleVerifier [0x00E3B143+3215603]\n\tGetHandleVerifier [0x00E522BA+3310186]\n\tGetHandleVerifier [0x00E4C4D2+3286146]\n\tGetHandleVerifier [0x00BC9C80+654384]\n\t(No symbol) [0x00AC45BD]\n\t(No symbol) [0x00AC14A8]\n\t(No symbol) [0x00AC1647]\n\t(No symbol) [0x00AB3D20]\n\tBaseThreadInitThunk [0x752F7BA9+25]\n\tRtlInitializeExceptionChain [0x771EC28B+107]\n\tRtlClearBits [0x771EC20F+191]","statusTrace":"self = <test_main.TestAutomation object at 0x000001FCC4E43A60>\n\n    def test_addcustomer(self):\n>       self.test_login()\n\ntest_main.py:39: \n_ _ _ _ _ _ _ _ _ _ _ _ _ _ _ _ _ _ _ _ _ _ _ _ _ _ _ _ _ _ _ _ _ _ _ _ _ _ _ _ _ _ _ _ _ _ _ _ _ _ _ _ _ _ _ _ _ _ _ _ _ _ _ _ _ _ _ _ _ _ _ _ _ _ _ _ _ _ _ _ _ _ _ _ _ _ _ _ _ _ _ _\ntest_main.py:30: in test_login\n    self.wait.until(EC.presence_of_element_located((By.ID, \"ctrl_Userlogin_txtLoginId\"))).send_keys(\"abccompany\")\n_ _ _ _ _ _ _ _ _ _ _ _ _ _ _ _ _ _ _ _ _ _ _ _ _ _ _ _ _ _ _ _ _ _ _ _ _ _ _ _ _ _ _ _ _ _ _ _ _ _ _ _ _ _ _ _ _ _ _ _ _ _ _ _ _ _ _ _ _ _ _ _ _ _ _ _ _ _ _ _ _ _ _ _ _ _ _ _ _ _ _ _\n\nself = <selenium.webdriver.support.wait.WebDriverWait (session=\"6b57dcac16cf1923c68e922d5537ce92\")>\nmethod = <function presence_of_element_located.<locals>._predicate at 0x000001FCC4EA1D30>, message = ''\n\n    def until(self, method: Callable[[D], Union[Literal[False], T]], message: str = \"\") -> T:\n        \"\"\"Calls the method provided with the driver as an argument until the \\\n        return value does not evaluate to ``False``.\n    \n        :param method: callable(WebDriver)\n        :param message: optional message for :exc:`TimeoutException`\n        :returns: the result of the last call to `method`\n        :raises: :exc:`selenium.common.exceptions.TimeoutException` if timeout occurs\n        \"\"\"\n        screen = None\n        stacktrace = None\n    \n        end_time = time.monotonic() + self._timeout\n        while True:\n            try:\n                value = method(self._driver)\n                if value:\n                    return value\n            except self._ignored_exceptions as exc:\n                screen = getattr(exc, \"screen\", None)\n                stacktrace = getattr(exc, \"stacktrace\", None)\n            if time.monotonic() > end_time:\n                break\n            time.sleep(self._poll)\n>       raise TimeoutException(message, screen, stacktrace)\nE       selenium.common.exceptions.TimeoutException: Message: \nE       Stacktrace:\nE       \tGetHandleVerifier [0x00B30283+25139]\nE       \t(No symbol) [0x00ABB234]\nE       \t(No symbol) [0x009904A3]\nE       \t(No symbol) [0x009D8338]\nE       \t(No symbol) [0x009D868B]\nE       \t(No symbol) [0x00A20F62]\nE       \t(No symbol) [0x009FCF84]\nE       \t(No symbol) [0x00A1E6E1]\nE       \t(No symbol) [0x009FCD36]\nE       \t(No symbol) [0x009CBD29]\nE       \t(No symbol) [0x009CD064]\nE       \tGetHandleVerifier [0x00E3B143+3215603]\nE       \tGetHandleVerifier [0x00E522BA+3310186]\nE       \tGetHandleVerifier [0x00E4C4D2+3286146]\nE       \tGetHandleVerifier [0x00BC9C80+654384]\nE       \t(No symbol) [0x00AC45BD]\nE       \t(No symbol) [0x00AC14A8]\nE       \t(No symbol) [0x00AC1647]\nE       \t(No symbol) [0x00AB3D20]\nE       \tBaseThreadInitThunk [0x752F7BA9+25]\nE       \tRtlInitializeExceptionChain [0x771EC28B+107]\nE       \tRtlClearBits [0x771EC20F+191]\n\nvenv\\lib\\site-packages\\selenium\\webdriver\\support\\wait.py:105: TimeoutException","steps":[],"attachments":[{"uid":"61dea8b9c9562082","name":"stdout","source":"61dea8b9c9562082.txt","type":"text/plain","size":63}],"parameters":[],"attachmentsCount":1,"shouldDisplayMessage":true,"attachmentStep":false,"stepsCount":0,"hasContent":true},"afterStages":[{"name":"setup::0","time":{"start":1740141603861,"stop":1740141606125,"duration":2264},"status":"passed","steps":[],"attachments":[],"parameters":[],"attachmentsCount":0,"shouldDisplayMessage":false,"attachmentStep":false,"stepsCount":0,"hasContent":false}],"labels":[{"name":"tag","value":"@pytest.mark.usefixtures('setup')"},{"name":"suite","value":"test_main"},{"name":"subSuite","value":"TestAutomation"},{"name":"host","value":"DESKTOP-0Q1NQ4H"},{"name":"thread","value":"25912-MainThread"},{"name":"framework","value":"pytest"},{"name":"language","value":"cpython3"},{"name":"package","value":"test_main"},{"name":"resultFormat","value":"allure2"}],"parameters":[],"links":[],"hidden":false,"retry":false,"extra":{"severity":"normal","retries":[],"categories":[{"name":"Test defects","matchedStatuses":[],"flaky":false}],"tags":["@pytest.mark.usefixtures('setup')"]},"source":"b248efe6e5f637a6.json","parameterValues":[]}