{"uid":"edd477bfe8232075","name":"test_addcustomer","fullName":"test_main.TestAutomation#test_addcustomer","historyId":"04e37bf353a826d8a9659a0a89984d0e","time":{"start":1740123725804,"stop":1740123736982,"duration":11178},"status":"broken","statusMessage":"selenium.common.exceptions.TimeoutException: Message: \nStacktrace:\n\tGetHandleVerifier [0x006B0283+25139]\n\t(No symbol) [0x0063B234]\n\t(No symbol) [0x005104A3]\n\t(No symbol) [0x00558338]\n\t(No symbol) [0x0055868B]\n\t(No symbol) [0x005A0F62]\n\t(No symbol) [0x0057CF84]\n\t(No symbol) [0x0059E6E1]\n\t(No symbol) [0x0057CD36]\n\t(No symbol) [0x0054BD29]\n\t(No symbol) [0x0054D064]\n\tGetHandleVerifier [0x009BB143+3215603]\n\tGetHandleVerifier [0x009D22BA+3310186]\n\tGetHandleVerifier [0x009CC4D2+3286146]\n\tGetHandleVerifier [0x00749C80+654384]\n\t(No symbol) [0x006445BD]\n\t(No symbol) [0x006414A8]\n\t(No symbol) [0x00641647]\n\t(No symbol) [0x00633D20]\n\tBaseThreadInitThunk [0x752F7BA9+25]\n\tRtlInitializeExceptionChain [0x771EC28B+107]\n\tRtlClearBits [0x771EC20F+191]","statusTrace":"self = <test_main.TestAutomation object at 0x000002A21D947AF0>\n\n    def test_addcustomer(self):\n>       self.test_login()\n\ntest_main.py:39: \n_ _ _ _ _ _ _ _ _ _ _ _ _ _ _ _ _ _ _ _ _ _ _ _ _ _ _ _ _ _ _ _ _ _ _ _ _ _ _ _ _ _ _ _ _ _ _ _ _ _ _ _ _ _ _ _ _ _ _ _ _ _ _ _ _ _ _ _ _ _ _ _ _ _ _ _ _ _ _ _ _ _ _ _ _ _ _ _ _ _ _ _\ntest_main.py:30: in test_login\n    self.wait.until(EC.presence_of_element_located((By.ID, \"ctrl_Userlogin_txtLoginId\"))).send_keys(\"abccompany\")\n_ _ _ _ _ _ _ _ _ _ _ _ _ _ _ _ _ _ _ _ _ _ _ _ _ _ _ _ _ _ _ _ _ _ _ _ _ _ _ _ _ _ _ _ _ _ _ _ _ _ _ _ _ _ _ _ _ _ _ _ _ _ _ _ _ _ _ _ _ _ _ _ _ _ _ _ _ _ _ _ _ _ _ _ _ _ _ _ _ _ _ _\n\nself = <selenium.webdriver.support.wait.WebDriverWait (session=\"dd337fa3c9aca7f3e053087719901e6b\")>\nmethod = <function presence_of_element_located.<locals>._predicate at 0x000002A21D99AD30>, message = ''\n\n    def until(self, method: Callable[[D], Union[Literal[False], T]], message: str = \"\") -> T:\n        \"\"\"Calls the method provided with the driver as an argument until the \\\n        return value does not evaluate to ``False``.\n    \n        :param method: callable(WebDriver)\n        :param message: optional message for :exc:`TimeoutException`\n        :returns: the result of the last call to `method`\n        :raises: :exc:`selenium.common.exceptions.TimeoutException` if timeout occurs\n        \"\"\"\n        screen = None\n        stacktrace = None\n    \n        end_time = time.monotonic() + self._timeout\n        while True:\n            try:\n                value = method(self._driver)\n                if value:\n                    return value\n            except self._ignored_exceptions as exc:\n                screen = getattr(exc, \"screen\", None)\n                stacktrace = getattr(exc, \"stacktrace\", None)\n            if time.monotonic() > end_time:\n                break\n            time.sleep(self._poll)\n>       raise TimeoutException(message, screen, stacktrace)\nE       selenium.common.exceptions.TimeoutException: Message: \nE       Stacktrace:\nE       \tGetHandleVerifier [0x006B0283+25139]\nE       \t(No symbol) [0x0063B234]\nE       \t(No symbol) [0x005104A3]\nE       \t(No symbol) [0x00558338]\nE       \t(No symbol) [0x0055868B]\nE       \t(No symbol) [0x005A0F62]\nE       \t(No symbol) [0x0057CF84]\nE       \t(No symbol) [0x0059E6E1]\nE       \t(No symbol) [0x0057CD36]\nE       \t(No symbol) [0x0054BD29]\nE       \t(No symbol) [0x0054D064]\nE       \tGetHandleVerifier [0x009BB143+3215603]\nE       \tGetHandleVerifier [0x009D22BA+3310186]\nE       \tGetHandleVerifier [0x009CC4D2+3286146]\nE       \tGetHandleVerifier [0x00749C80+654384]\nE       \t(No symbol) [0x006445BD]\nE       \t(No symbol) [0x006414A8]\nE       \t(No symbol) [0x00641647]\nE       \t(No symbol) [0x00633D20]\nE       \tBaseThreadInitThunk [0x752F7BA9+25]\nE       \tRtlInitializeExceptionChain [0x771EC28B+107]\nE       \tRtlClearBits [0x771EC20F+191]\n\nvenv\\lib\\site-packages\\selenium\\webdriver\\support\\wait.py:105: TimeoutException","flaky":false,"newFailed":false,"newBroken":false,"newPassed":false,"retriesCount":0,"retriesStatusChange":false,"beforeStages":[{"name":"setup","time":{"start":1740123714050,"stop":1740123717722,"duration":3672},"status":"passed","steps":[],"attachments":[],"parameters":[],"shouldDisplayMessage":false,"attachmentsCount":0,"attachmentStep":false,"stepsCount":0,"hasContent":false}],"testStage":{"status":"broken","statusMessage":"selenium.common.exceptions.TimeoutException: Message: \nStacktrace:\n\tGetHandleVerifier [0x006B0283+25139]\n\t(No symbol) [0x0063B234]\n\t(No symbol) [0x005104A3]\n\t(No symbol) [0x00558338]\n\t(No symbol) [0x0055868B]\n\t(No symbol) [0x005A0F62]\n\t(No symbol) [0x0057CF84]\n\t(No symbol) [0x0059E6E1]\n\t(No symbol) [0x0057CD36]\n\t(No symbol) [0x0054BD29]\n\t(No symbol) [0x0054D064]\n\tGetHandleVerifier [0x009BB143+3215603]\n\tGetHandleVerifier [0x009D22BA+3310186]\n\tGetHandleVerifier [0x009CC4D2+3286146]\n\tGetHandleVerifier [0x00749C80+654384]\n\t(No symbol) [0x006445BD]\n\t(No symbol) [0x006414A8]\n\t(No symbol) [0x00641647]\n\t(No symbol) [0x00633D20]\n\tBaseThreadInitThunk [0x752F7BA9+25]\n\tRtlInitializeExceptionChain [0x771EC28B+107]\n\tRtlClearBits [0x771EC20F+191]","statusTrace":"self = <test_main.TestAutomation object at 0x000002A21D947AF0>\n\n    def test_addcustomer(self):\n>       self.test_login()\n\ntest_main.py:39: \n_ _ _ _ _ _ _ _ _ _ _ _ _ _ _ _ _ _ _ _ _ _ _ _ _ _ _ _ _ _ _ _ _ _ _ _ _ _ _ _ _ _ _ _ _ _ _ _ _ _ _ _ _ _ _ _ _ _ _ _ _ _ _ _ _ _ _ _ _ _ _ _ _ _ _ _ _ _ _ _ _ _ _ _ _ _ _ _ _ _ _ _\ntest_main.py:30: in test_login\n    self.wait.until(EC.presence_of_element_located((By.ID, \"ctrl_Userlogin_txtLoginId\"))).send_keys(\"abccompany\")\n_ _ _ _ _ _ _ _ _ _ _ _ _ _ _ _ _ _ _ _ _ _ _ _ _ _ _ _ _ _ _ _ _ _ _ _ _ _ _ _ _ _ _ _ _ _ _ _ _ _ _ _ _ _ _ _ _ _ _ _ _ _ _ _ _ _ _ _ _ _ _ _ _ _ _ _ _ _ _ _ _ _ _ _ _ _ _ _ _ _ _ _\n\nself = <selenium.webdriver.support.wait.WebDriverWait (session=\"dd337fa3c9aca7f3e053087719901e6b\")>\nmethod = <function presence_of_element_located.<locals>._predicate at 0x000002A21D99AD30>, message = ''\n\n    def until(self, method: Callable[[D], Union[Literal[False], T]], message: str = \"\") -> T:\n        \"\"\"Calls the method provided with the driver as an argument until the \\\n        return value does not evaluate to ``False``.\n    \n        :param method: callable(WebDriver)\n        :param message: optional message for :exc:`TimeoutException`\n        :returns: the result of the last call to `method`\n        :raises: :exc:`selenium.common.exceptions.TimeoutException` if timeout occurs\n        \"\"\"\n        screen = None\n        stacktrace = None\n    \n        end_time = time.monotonic() + self._timeout\n        while True:\n            try:\n                value = method(self._driver)\n                if value:\n                    return value\n            except self._ignored_exceptions as exc:\n                screen = getattr(exc, \"screen\", None)\n                stacktrace = getattr(exc, \"stacktrace\", None)\n            if time.monotonic() > end_time:\n                break\n            time.sleep(self._poll)\n>       raise TimeoutException(message, screen, stacktrace)\nE       selenium.common.exceptions.TimeoutException: Message: \nE       Stacktrace:\nE       \tGetHandleVerifier [0x006B0283+25139]\nE       \t(No symbol) [0x0063B234]\nE       \t(No symbol) [0x005104A3]\nE       \t(No symbol) [0x00558338]\nE       \t(No symbol) [0x0055868B]\nE       \t(No symbol) [0x005A0F62]\nE       \t(No symbol) [0x0057CF84]\nE       \t(No symbol) [0x0059E6E1]\nE       \t(No symbol) [0x0057CD36]\nE       \t(No symbol) [0x0054BD29]\nE       \t(No symbol) [0x0054D064]\nE       \tGetHandleVerifier [0x009BB143+3215603]\nE       \tGetHandleVerifier [0x009D22BA+3310186]\nE       \tGetHandleVerifier [0x009CC4D2+3286146]\nE       \tGetHandleVerifier [0x00749C80+654384]\nE       \t(No symbol) [0x006445BD]\nE       \t(No symbol) [0x006414A8]\nE       \t(No symbol) [0x00641647]\nE       \t(No symbol) [0x00633D20]\nE       \tBaseThreadInitThunk [0x752F7BA9+25]\nE       \tRtlInitializeExceptionChain [0x771EC28B+107]\nE       \tRtlClearBits [0x771EC20F+191]\n\nvenv\\lib\\site-packages\\selenium\\webdriver\\support\\wait.py:105: TimeoutException","steps":[],"attachments":[{"uid":"e14b2409623dce2d","name":"stdout","source":"e14b2409623dce2d.txt","type":"text/plain","size":63}],"parameters":[],"shouldDisplayMessage":true,"attachmentsCount":1,"attachmentStep":false,"stepsCount":0,"hasContent":true},"afterStages":[{"name":"setup::0","time":{"start":1740123737230,"stop":1740123739517,"duration":2287},"status":"passed","steps":[],"attachments":[],"parameters":[],"shouldDisplayMessage":false,"attachmentsCount":0,"attachmentStep":false,"stepsCount":0,"hasContent":false}],"labels":[{"name":"tag","value":"@pytest.mark.usefixtures('setup')"},{"name":"suite","value":"test_main"},{"name":"subSuite","value":"TestAutomation"},{"name":"host","value":"DESKTOP-0Q1NQ4H"},{"name":"thread","value":"8440-MainThread"},{"name":"framework","value":"pytest"},{"name":"language","value":"cpython3"},{"name":"package","value":"test_main"},{"name":"resultFormat","value":"allure2"}],"parameters":[],"links":[],"hidden":false,"retry":false,"extra":{"severity":"normal","retries":[],"categories":[{"name":"Test defects","matchedStatuses":[],"flaky":false}],"tags":["@pytest.mark.usefixtures('setup')"]},"source":"edd477bfe8232075.json","parameterValues":[]}