{"uid":"fc8076275c3cd1fb","name":"test_addcustomer","fullName":"test_main.TestAutomation#test_addcustomer","historyId":"04e37bf353a826d8a9659a0a89984d0e","time":{"start":1740121153019,"stop":1740121164159,"duration":11140},"status":"broken","statusMessage":"selenium.common.exceptions.TimeoutException: Message: \nStacktrace:\n\tGetHandleVerifier [0x004D0283+25139]\n\t(No symbol) [0x0045B234]\n\t(No symbol) [0x003304A3]\n\t(No symbol) [0x00378338]\n\t(No symbol) [0x0037868B]\n\t(No symbol) [0x003C0F62]\n\t(No symbol) [0x0039CF84]\n\t(No symbol) [0x003BE6E1]\n\t(No symbol) [0x0039CD36]\n\t(No symbol) [0x0036BD29]\n\t(No symbol) [0x0036D064]\n\tGetHandleVerifier [0x007DB143+3215603]\n\tGetHandleVerifier [0x007F22BA+3310186]\n\tGetHandleVerifier [0x007EC4D2+3286146]\n\tGetHandleVerifier [0x00569C80+654384]\n\t(No symbol) [0x004645BD]\n\t(No symbol) [0x004614A8]\n\t(No symbol) [0x00461647]\n\t(No symbol) [0x00453D20]\n\tBaseThreadInitThunk [0x752F7BA9+25]\n\tRtlInitializeExceptionChain [0x771EC28B+107]\n\tRtlClearBits [0x771EC20F+191]","statusTrace":"self = <test_main.TestAutomation object at 0x000001E84E893880>\n\n    def test_addcustomer(self):\n>       self.test_login()\n\ntest_main.py:39: \n_ _ _ _ _ _ _ _ _ _ _ _ _ _ _ _ _ _ _ _ _ _ _ _ _ _ _ _ _ _ _ _ _ _ _ _ _ _ _ _ _ _ _ _ _ _ _ _ _ _ _ _ _ _ _ _ _ _ _ _ _ _ _ _ _ _ _ _ _ _ _ _ _ _ _ _ _ _ _ _ _ _ _ _ _ _ _ _ _ _ _ _\ntest_main.py:30: in test_login\n    self.wait.until(EC.presence_of_element_located((By.ID, \"ctrl_Userlogin_txtLoginId\"))).send_keys(\"abccompany\")\n_ _ _ _ _ _ _ _ _ _ _ _ _ _ _ _ _ _ _ _ _ _ _ _ _ _ _ _ _ _ _ _ _ _ _ _ _ _ _ _ _ _ _ _ _ _ _ _ _ _ _ _ _ _ _ _ _ _ _ _ _ _ _ _ _ _ _ _ _ _ _ _ _ _ _ _ _ _ _ _ _ _ _ _ _ _ _ _ _ _ _ _\n\nself = <selenium.webdriver.support.wait.WebDriverWait (session=\"120db2a6fd0403f8e52f888e40efa49f\")>\nmethod = <function presence_of_element_located.<locals>._predicate at 0x000001E84E8FAC10>, message = ''\n\n    def until(self, method: Callable[[D], Union[Literal[False], T]], message: str = \"\") -> T:\n        \"\"\"Calls the method provided with the driver as an argument until the \\\n        return value does not evaluate to ``False``.\n    \n        :param method: callable(WebDriver)\n        :param message: optional message for :exc:`TimeoutException`\n        :returns: the result of the last call to `method`\n        :raises: :exc:`selenium.common.exceptions.TimeoutException` if timeout occurs\n        \"\"\"\n        screen = None\n        stacktrace = None\n    \n        end_time = time.monotonic() + self._timeout\n        while True:\n            try:\n                value = method(self._driver)\n                if value:\n                    return value\n            except self._ignored_exceptions as exc:\n                screen = getattr(exc, \"screen\", None)\n                stacktrace = getattr(exc, \"stacktrace\", None)\n            if time.monotonic() > end_time:\n                break\n            time.sleep(self._poll)\n>       raise TimeoutException(message, screen, stacktrace)\nE       selenium.common.exceptions.TimeoutException: Message: \nE       Stacktrace:\nE       \tGetHandleVerifier [0x004D0283+25139]\nE       \t(No symbol) [0x0045B234]\nE       \t(No symbol) [0x003304A3]\nE       \t(No symbol) [0x00378338]\nE       \t(No symbol) [0x0037868B]\nE       \t(No symbol) [0x003C0F62]\nE       \t(No symbol) [0x0039CF84]\nE       \t(No symbol) [0x003BE6E1]\nE       \t(No symbol) [0x0039CD36]\nE       \t(No symbol) [0x0036BD29]\nE       \t(No symbol) [0x0036D064]\nE       \tGetHandleVerifier [0x007DB143+3215603]\nE       \tGetHandleVerifier [0x007F22BA+3310186]\nE       \tGetHandleVerifier [0x007EC4D2+3286146]\nE       \tGetHandleVerifier [0x00569C80+654384]\nE       \t(No symbol) [0x004645BD]\nE       \t(No symbol) [0x004614A8]\nE       \t(No symbol) [0x00461647]\nE       \t(No symbol) [0x00453D20]\nE       \tBaseThreadInitThunk [0x752F7BA9+25]\nE       \tRtlInitializeExceptionChain [0x771EC28B+107]\nE       \tRtlClearBits [0x771EC20F+191]\n\nvenv\\lib\\site-packages\\selenium\\webdriver\\support\\wait.py:105: TimeoutException","flaky":false,"newFailed":false,"newBroken":false,"newPassed":false,"retriesCount":0,"retriesStatusChange":false,"beforeStages":[{"name":"setup","time":{"start":1740121141599,"stop":1740121145006,"duration":3407},"status":"passed","steps":[],"attachments":[],"parameters":[],"shouldDisplayMessage":false,"attachmentsCount":0,"stepsCount":0,"attachmentStep":false,"hasContent":false}],"testStage":{"status":"broken","statusMessage":"selenium.common.exceptions.TimeoutException: Message: \nStacktrace:\n\tGetHandleVerifier [0x004D0283+25139]\n\t(No symbol) [0x0045B234]\n\t(No symbol) [0x003304A3]\n\t(No symbol) [0x00378338]\n\t(No symbol) [0x0037868B]\n\t(No symbol) [0x003C0F62]\n\t(No symbol) [0x0039CF84]\n\t(No symbol) [0x003BE6E1]\n\t(No symbol) [0x0039CD36]\n\t(No symbol) [0x0036BD29]\n\t(No symbol) [0x0036D064]\n\tGetHandleVerifier [0x007DB143+3215603]\n\tGetHandleVerifier [0x007F22BA+3310186]\n\tGetHandleVerifier [0x007EC4D2+3286146]\n\tGetHandleVerifier [0x00569C80+654384]\n\t(No symbol) [0x004645BD]\n\t(No symbol) [0x004614A8]\n\t(No symbol) [0x00461647]\n\t(No symbol) [0x00453D20]\n\tBaseThreadInitThunk [0x752F7BA9+25]\n\tRtlInitializeExceptionChain [0x771EC28B+107]\n\tRtlClearBits [0x771EC20F+191]","statusTrace":"self = <test_main.TestAutomation object at 0x000001E84E893880>\n\n    def test_addcustomer(self):\n>       self.test_login()\n\ntest_main.py:39: \n_ _ _ _ _ _ _ _ _ _ _ _ _ _ _ _ _ _ _ _ _ _ _ _ _ _ _ _ _ _ _ _ _ _ _ _ _ _ _ _ _ _ _ _ _ _ _ _ _ _ _ _ _ _ _ _ _ _ _ _ _ _ _ _ _ _ _ _ _ _ _ _ _ _ _ _ _ _ _ _ _ _ _ _ _ _ _ _ _ _ _ _\ntest_main.py:30: in test_login\n    self.wait.until(EC.presence_of_element_located((By.ID, \"ctrl_Userlogin_txtLoginId\"))).send_keys(\"abccompany\")\n_ _ _ _ _ _ _ _ _ _ _ _ _ _ _ _ _ _ _ _ _ _ _ _ _ _ _ _ _ _ _ _ _ _ _ _ _ _ _ _ _ _ _ _ _ _ _ _ _ _ _ _ _ _ _ _ _ _ _ _ _ _ _ _ _ _ _ _ _ _ _ _ _ _ _ _ _ _ _ _ _ _ _ _ _ _ _ _ _ _ _ _\n\nself = <selenium.webdriver.support.wait.WebDriverWait (session=\"120db2a6fd0403f8e52f888e40efa49f\")>\nmethod = <function presence_of_element_located.<locals>._predicate at 0x000001E84E8FAC10>, message = ''\n\n    def until(self, method: Callable[[D], Union[Literal[False], T]], message: str = \"\") -> T:\n        \"\"\"Calls the method provided with the driver as an argument until the \\\n        return value does not evaluate to ``False``.\n    \n        :param method: callable(WebDriver)\n        :param message: optional message for :exc:`TimeoutException`\n        :returns: the result of the last call to `method`\n        :raises: :exc:`selenium.common.exceptions.TimeoutException` if timeout occurs\n        \"\"\"\n        screen = None\n        stacktrace = None\n    \n        end_time = time.monotonic() + self._timeout\n        while True:\n            try:\n                value = method(self._driver)\n                if value:\n                    return value\n            except self._ignored_exceptions as exc:\n                screen = getattr(exc, \"screen\", None)\n                stacktrace = getattr(exc, \"stacktrace\", None)\n            if time.monotonic() > end_time:\n                break\n            time.sleep(self._poll)\n>       raise TimeoutException(message, screen, stacktrace)\nE       selenium.common.exceptions.TimeoutException: Message: \nE       Stacktrace:\nE       \tGetHandleVerifier [0x004D0283+25139]\nE       \t(No symbol) [0x0045B234]\nE       \t(No symbol) [0x003304A3]\nE       \t(No symbol) [0x00378338]\nE       \t(No symbol) [0x0037868B]\nE       \t(No symbol) [0x003C0F62]\nE       \t(No symbol) [0x0039CF84]\nE       \t(No symbol) [0x003BE6E1]\nE       \t(No symbol) [0x0039CD36]\nE       \t(No symbol) [0x0036BD29]\nE       \t(No symbol) [0x0036D064]\nE       \tGetHandleVerifier [0x007DB143+3215603]\nE       \tGetHandleVerifier [0x007F22BA+3310186]\nE       \tGetHandleVerifier [0x007EC4D2+3286146]\nE       \tGetHandleVerifier [0x00569C80+654384]\nE       \t(No symbol) [0x004645BD]\nE       \t(No symbol) [0x004614A8]\nE       \t(No symbol) [0x00461647]\nE       \t(No symbol) [0x00453D20]\nE       \tBaseThreadInitThunk [0x752F7BA9+25]\nE       \tRtlInitializeExceptionChain [0x771EC28B+107]\nE       \tRtlClearBits [0x771EC20F+191]\n\nvenv\\lib\\site-packages\\selenium\\webdriver\\support\\wait.py:105: TimeoutException","steps":[],"attachments":[{"uid":"7837cb5b30de604b","name":"stdout","source":"7837cb5b30de604b.txt","type":"text/plain","size":63}],"parameters":[],"shouldDisplayMessage":true,"attachmentsCount":1,"stepsCount":0,"attachmentStep":false,"hasContent":true},"afterStages":[{"name":"setup::0","time":{"start":1740121164312,"stop":1740121166586,"duration":2274},"status":"passed","steps":[],"attachments":[],"parameters":[],"shouldDisplayMessage":false,"attachmentsCount":0,"stepsCount":0,"attachmentStep":false,"hasContent":false}],"labels":[{"name":"tag","value":"@pytest.mark.usefixtures('setup')"},{"name":"suite","value":"test_main"},{"name":"subSuite","value":"TestAutomation"},{"name":"host","value":"DESKTOP-0Q1NQ4H"},{"name":"thread","value":"19968-MainThread"},{"name":"framework","value":"pytest"},{"name":"language","value":"cpython3"},{"name":"package","value":"test_main"},{"name":"resultFormat","value":"allure2"}],"parameters":[],"links":[],"hidden":false,"retry":false,"extra":{"severity":"normal","retries":[],"categories":[{"name":"Test defects","matchedStatuses":[],"flaky":false}],"tags":["@pytest.mark.usefixtures('setup')"]},"source":"fc8076275c3cd1fb.json","parameterValues":[]}