{"uid":"44af8378c08345b1","name":"test_addcustomer","fullName":"test.TestAutomation#test_addcustomer","historyId":"db230909067fc7b479c81c61cc5d40b7","time":{"start":1740036973432,"stop":1740036984600,"duration":11168},"status":"broken","statusMessage":"selenium.common.exceptions.TimeoutException: Message: \nStacktrace:\n\tGetHandleVerifier [0x007D0283+25139]\n\t(No symbol) [0x0075B234]\n\t(No symbol) [0x006304A3]\n\t(No symbol) [0x00678338]\n\t(No symbol) [0x0067868B]\n\t(No symbol) [0x006C0F62]\n\t(No symbol) [0x0069CF84]\n\t(No symbol) [0x006BE6E1]\n\t(No symbol) [0x0069CD36]\n\t(No symbol) [0x0066BD29]\n\t(No symbol) [0x0066D064]\n\tGetHandleVerifier [0x00ADB143+3215603]\n\tGetHandleVerifier [0x00AF22BA+3310186]\n\tGetHandleVerifier [0x00AEC4D2+3286146]\n\tGetHandleVerifier [0x00869C80+654384]\n\t(No symbol) [0x007645BD]\n\t(No symbol) [0x007614A8]\n\t(No symbol) [0x00761647]\n\t(No symbol) [0x00753D20]\n\tBaseThreadInitThunk [0x76867BA9+25]\n\tRtlInitializeExceptionChain [0x76F8C0CB+107]\n\tRtlClearBits [0x76F8C04F+191]","statusTrace":"self = <test.TestAutomation object at 0x00000212B8F35640>\n\n    def test_addcustomer(self):\n>       self.test_login()\n\ntest.py:41: \n_ _ _ _ _ _ _ _ _ _ _ _ _ _ _ _ _ _ _ _ _ _ _ _ _ _ _ _ _ _ _ _ _ _ _ _ _ _ _ _ _ _ _ _ _ _ _ _ _ _ _ _ _ _ _ _ _ _ _ _ _ _ _ _ _ _ _ _ _ _ _ _ _ _ _ _ _ _ _ _ _ _ _ _ _ _ _ _ _ _ _ _\ntest.py:33: in test_login\n    self.wait.until(EC.presence_of_element_located((By.ID, \"ctrl_Userlogin_txtLoginId\"))).send_keys(\"abccompany\")\n_ _ _ _ _ _ _ _ _ _ _ _ _ _ _ _ _ _ _ _ _ _ _ _ _ _ _ _ _ _ _ _ _ _ _ _ _ _ _ _ _ _ _ _ _ _ _ _ _ _ _ _ _ _ _ _ _ _ _ _ _ _ _ _ _ _ _ _ _ _ _ _ _ _ _ _ _ _ _ _ _ _ _ _ _ _ _ _ _ _ _ _\n\nself = <selenium.webdriver.support.wait.WebDriverWait (session=\"b62064f83b2a341c24c2fe567897bc99\")>\nmethod = <function presence_of_element_located.<locals>._predicate at 0x00000212B8A22550>, message = ''\n\n    def until(self, method: Callable[[D], Union[Literal[False], T]], message: str = \"\") -> T:\n        \"\"\"Calls the method provided with the driver as an argument until the \\\n        return value does not evaluate to ``False``.\n    \n        :param method: callable(WebDriver)\n        :param message: optional message for :exc:`TimeoutException`\n        :returns: the result of the last call to `method`\n        :raises: :exc:`selenium.common.exceptions.TimeoutException` if timeout occurs\n        \"\"\"\n        screen = None\n        stacktrace = None\n    \n        end_time = time.monotonic() + self._timeout\n        while True:\n            try:\n                value = method(self._driver)\n                if value:\n                    return value\n            except self._ignored_exceptions as exc:\n                screen = getattr(exc, \"screen\", None)\n                stacktrace = getattr(exc, \"stacktrace\", None)\n            if time.monotonic() > end_time:\n                break\n            time.sleep(self._poll)\n>       raise TimeoutException(message, screen, stacktrace)\nE       selenium.common.exceptions.TimeoutException: Message: \nE       Stacktrace:\nE       \tGetHandleVerifier [0x007D0283+25139]\nE       \t(No symbol) [0x0075B234]\nE       \t(No symbol) [0x006304A3]\nE       \t(No symbol) [0x00678338]\nE       \t(No symbol) [0x0067868B]\nE       \t(No symbol) [0x006C0F62]\nE       \t(No symbol) [0x0069CF84]\nE       \t(No symbol) [0x006BE6E1]\nE       \t(No symbol) [0x0069CD36]\nE       \t(No symbol) [0x0066BD29]\nE       \t(No symbol) [0x0066D064]\nE       \tGetHandleVerifier [0x00ADB143+3215603]\nE       \tGetHandleVerifier [0x00AF22BA+3310186]\nE       \tGetHandleVerifier [0x00AEC4D2+3286146]\nE       \tGetHandleVerifier [0x00869C80+654384]\nE       \t(No symbol) [0x007645BD]\nE       \t(No symbol) [0x007614A8]\nE       \t(No symbol) [0x00761647]\nE       \t(No symbol) [0x00753D20]\nE       \tBaseThreadInitThunk [0x76867BA9+25]\nE       \tRtlInitializeExceptionChain [0x76F8C0CB+107]\nE       \tRtlClearBits [0x76F8C04F+191]\n\nvenv\\lib\\site-packages\\selenium\\webdriver\\support\\wait.py:105: TimeoutException","flaky":false,"newFailed":false,"newBroken":false,"newPassed":false,"retriesCount":0,"retriesStatusChange":false,"beforeStages":[{"name":"json_environment","time":{"start":1740036960757,"stop":1740036960757,"duration":0},"status":"passed","steps":[],"attachments":[],"parameters":[],"hasContent":false,"shouldDisplayMessage":false,"attachmentsCount":0,"stepsCount":0,"attachmentStep":false},{"name":"setup","time":{"start":1740036960757,"stop":1740036965037,"duration":4280},"status":"passed","steps":[],"attachments":[],"parameters":[],"hasContent":false,"shouldDisplayMessage":false,"attachmentsCount":0,"stepsCount":0,"attachmentStep":false}],"testStage":{"status":"broken","statusMessage":"selenium.common.exceptions.TimeoutException: Message: \nStacktrace:\n\tGetHandleVerifier [0x007D0283+25139]\n\t(No symbol) [0x0075B234]\n\t(No symbol) [0x006304A3]\n\t(No symbol) [0x00678338]\n\t(No symbol) [0x0067868B]\n\t(No symbol) [0x006C0F62]\n\t(No symbol) [0x0069CF84]\n\t(No symbol) [0x006BE6E1]\n\t(No symbol) [0x0069CD36]\n\t(No symbol) [0x0066BD29]\n\t(No symbol) [0x0066D064]\n\tGetHandleVerifier [0x00ADB143+3215603]\n\tGetHandleVerifier [0x00AF22BA+3310186]\n\tGetHandleVerifier [0x00AEC4D2+3286146]\n\tGetHandleVerifier [0x00869C80+654384]\n\t(No symbol) [0x007645BD]\n\t(No symbol) [0x007614A8]\n\t(No symbol) [0x00761647]\n\t(No symbol) [0x00753D20]\n\tBaseThreadInitThunk [0x76867BA9+25]\n\tRtlInitializeExceptionChain [0x76F8C0CB+107]\n\tRtlClearBits [0x76F8C04F+191]","statusTrace":"self = <test.TestAutomation object at 0x00000212B8F35640>\n\n    def test_addcustomer(self):\n>       self.test_login()\n\ntest.py:41: \n_ _ _ _ _ _ _ _ _ _ _ _ _ _ _ _ _ _ _ _ _ _ _ _ _ _ _ _ _ _ _ _ _ _ _ _ _ _ _ _ _ _ _ _ _ _ _ _ _ _ _ _ _ _ _ _ _ _ _ _ _ _ _ _ _ _ _ _ _ _ _ _ _ _ _ _ _ _ _ _ _ _ _ _ _ _ _ _ _ _ _ _\ntest.py:33: in test_login\n    self.wait.until(EC.presence_of_element_located((By.ID, \"ctrl_Userlogin_txtLoginId\"))).send_keys(\"abccompany\")\n_ _ _ _ _ _ _ _ _ _ _ _ _ _ _ _ _ _ _ _ _ _ _ _ _ _ _ _ _ _ _ _ _ _ _ _ _ _ _ _ _ _ _ _ _ _ _ _ _ _ _ _ _ _ _ _ _ _ _ _ _ _ _ _ _ _ _ _ _ _ _ _ _ _ _ _ _ _ _ _ _ _ _ _ _ _ _ _ _ _ _ _\n\nself = <selenium.webdriver.support.wait.WebDriverWait (session=\"b62064f83b2a341c24c2fe567897bc99\")>\nmethod = <function presence_of_element_located.<locals>._predicate at 0x00000212B8A22550>, message = ''\n\n    def until(self, method: Callable[[D], Union[Literal[False], T]], message: str = \"\") -> T:\n        \"\"\"Calls the method provided with the driver as an argument until the \\\n        return value does not evaluate to ``False``.\n    \n        :param method: callable(WebDriver)\n        :param message: optional message for :exc:`TimeoutException`\n        :returns: the result of the last call to `method`\n        :raises: :exc:`selenium.common.exceptions.TimeoutException` if timeout occurs\n        \"\"\"\n        screen = None\n        stacktrace = None\n    \n        end_time = time.monotonic() + self._timeout\n        while True:\n            try:\n                value = method(self._driver)\n                if value:\n                    return value\n            except self._ignored_exceptions as exc:\n                screen = getattr(exc, \"screen\", None)\n                stacktrace = getattr(exc, \"stacktrace\", None)\n            if time.monotonic() > end_time:\n                break\n            time.sleep(self._poll)\n>       raise TimeoutException(message, screen, stacktrace)\nE       selenium.common.exceptions.TimeoutException: Message: \nE       Stacktrace:\nE       \tGetHandleVerifier [0x007D0283+25139]\nE       \t(No symbol) [0x0075B234]\nE       \t(No symbol) [0x006304A3]\nE       \t(No symbol) [0x00678338]\nE       \t(No symbol) [0x0067868B]\nE       \t(No symbol) [0x006C0F62]\nE       \t(No symbol) [0x0069CF84]\nE       \t(No symbol) [0x006BE6E1]\nE       \t(No symbol) [0x0069CD36]\nE       \t(No symbol) [0x0066BD29]\nE       \t(No symbol) [0x0066D064]\nE       \tGetHandleVerifier [0x00ADB143+3215603]\nE       \tGetHandleVerifier [0x00AF22BA+3310186]\nE       \tGetHandleVerifier [0x00AEC4D2+3286146]\nE       \tGetHandleVerifier [0x00869C80+654384]\nE       \t(No symbol) [0x007645BD]\nE       \t(No symbol) [0x007614A8]\nE       \t(No symbol) [0x00761647]\nE       \t(No symbol) [0x00753D20]\nE       \tBaseThreadInitThunk [0x76867BA9+25]\nE       \tRtlInitializeExceptionChain [0x76F8C0CB+107]\nE       \tRtlClearBits [0x76F8C04F+191]\n\nvenv\\lib\\site-packages\\selenium\\webdriver\\support\\wait.py:105: TimeoutException","steps":[],"attachments":[{"uid":"ae5601a85deee284","name":"stdout","source":"ae5601a85deee284.txt","type":"text/plain","size":38}],"parameters":[],"hasContent":true,"shouldDisplayMessage":true,"attachmentsCount":1,"stepsCount":0,"attachmentStep":false},"afterStages":[{"name":"setup::0","time":{"start":1740036984825,"stop":1740036987039,"duration":2214},"status":"passed","steps":[],"attachments":[],"parameters":[],"hasContent":false,"shouldDisplayMessage":false,"attachmentsCount":0,"stepsCount":0,"attachmentStep":false}],"labels":[{"name":"tag","value":"@pytest.mark.usefixtures('setup')"},{"name":"suite","value":"test"},{"name":"subSuite","value":"TestAutomation"},{"name":"host","value":"DESKTOP-0Q1NQ4H"},{"name":"thread","value":"53392-MainThread"},{"name":"framework","value":"pytest"},{"name":"language","value":"cpython3"},{"name":"package","value":"test"},{"name":"resultFormat","value":"allure2"}],"parameters":[],"links":[],"hidden":false,"retry":false,"extra":{"severity":"normal","retries":[],"categories":[{"name":"Test defects","matchedStatuses":[],"flaky":false}],"tags":["@pytest.mark.usefixtures('setup')"]},"source":"44af8378c08345b1.json","parameterValues":[]}